2025-05-04 21:22:10,207 - __main__ - INFO - Бот запущен
2025-05-04 21:22:10,478 - httpx - INFO - HTTP Request: POST https://api.telegram.org/bot7502883297:AAHmz6Yo68tTWspMlfclb5x8lDPLvZ0ODS8/getMe "HTTP/1.1 200 OK"
2025-05-04 21:22:10,567 - httpx - INFO - HTTP Request: POST https://api.telegram.org/bot7502883297:AAHmz6Yo68tTWspMlfclb5x8lDPLvZ0ODS8/setMyCommands "HTTP/1.1 200 OK"
2025-05-04 21:22:10,568 - __main__ - INFO - Бот инициализирован
2025-05-04 21:22:10,645 - httpx - INFO - HTTP Request: POST https://api.telegram.org/bot7502883297:AAHmz6Yo68tTWspMlfclb5x8lDPLvZ0ODS8/deleteWebhook "HTTP/1.1 200 OK"
2025-05-04 21:22:10,647 - apscheduler.scheduler - INFO - Scheduler started
2025-05-04 21:22:10,648 - telegram.ext.Application - INFO - Application started
2025-05-04 21:22:15,833 - httpx - INFO - HTTP Request: POST https://api.telegram.org/bot7502883297:AAHmz6Yo68tTWspMlfclb5x8lDPLvZ0ODS8/getUpdates "HTTP/1.1 200 OK"
2025-05-04 21:22:16,113 - httpx - INFO - HTTP Request: POST https://api.telegram.org/bot7502883297:AAHmz6Yo68tTWspMlfclb5x8lDPLvZ0ODS8/sendMessage "HTTP/1.1 200 OK"
2025-05-04 21:22:17,709 - httpx - INFO - HTTP Request: POST https://api.telegram.org/bot7502883297:AAHmz6Yo68tTWspMlfclb5x8lDPLvZ0ODS8/getUpdates "HTTP/1.1 200 OK"
2025-05-04 21:22:17,823 - httpx - INFO - HTTP Request: POST https://api.telegram.org/bot7502883297:AAHmz6Yo68tTWspMlfclb5x8lDPLvZ0ODS8/sendMessage "HTTP/1.1 200 OK"
2025-05-04 21:22:27,947 - httpx - INFO - HTTP Request: POST https://api.telegram.org/bot7502883297:AAHmz6Yo68tTWspMlfclb5x8lDPLvZ0ODS8/getUpdates "HTTP/1.1 200 OK"
2025-05-04 21:22:28,967 - httpx - INFO - HTTP Request: POST https://api.telegram.org/bot7502883297:AAHmz6Yo68tTWspMlfclb5x8lDPLvZ0ODS8/getUpdates "HTTP/1.1 200 OK"
2025-05-04 21:22:29,454 - httpx - INFO - HTTP Request: POST https://api.telegram.org/bot7502883297:AAHmz6Yo68tTWspMlfclb5x8lDPLvZ0ODS8/sendMessage "HTTP/1.1 200 OK"
2025-05-04 21:22:31,817 - httpx - INFO - HTTP Request: POST https://api.telegram.org/bot7502883297:AAHmz6Yo68tTWspMlfclb5x8lDPLvZ0ODS8/getUpdates "HTTP/1.1 200 OK"
2025-05-04 21:22:31,930 - httpx - INFO - HTTP Request: POST https://api.telegram.org/bot7502883297:AAHmz6Yo68tTWspMlfclb5x8lDPLvZ0ODS8/sendMessage "HTTP/1.1 200 OK"
2025-05-04 21:22:33,577 - httpx - INFO - HTTP Request: POST https://api.telegram.org/bot7502883297:AAHmz6Yo68tTWspMlfclb5x8lDPLvZ0ODS8/getUpdates "HTTP/1.1 200 OK"
2025-05-04 21:22:33,743 - httpx - INFO - HTTP Request: POST https://api.telegram.org/bot7502883297:AAHmz6Yo68tTWspMlfclb5x8lDPLvZ0ODS8/answerCallbackQuery "HTTP/1.1 200 OK"
2025-05-04 21:22:34,027 - httpx - INFO - HTTP Request: POST https://api.telegram.org/bot7502883297:AAHmz6Yo68tTWspMlfclb5x8lDPLvZ0ODS8/editMessageText "HTTP/1.1 200 OK"
2025-05-04 21:22:34,793 - httpx - INFO - HTTP Request: POST https://api.telegram.org/bot7502883297:AAHmz6Yo68tTWspMlfclb5x8lDPLvZ0ODS8/getUpdates "HTTP/1.1 200 OK"
2025-05-04 21:22:34,806 - handlers - ERROR - Ошибка handle_text: name 'show_completed_tasks' is not defined
2025-05-04 21:22:37,594 - httpx - INFO - HTTP Request: POST https://api.telegram.org/bot7502883297:AAHmz6Yo68tTWspMlfclb5x8lDPLvZ0ODS8/getUpdates "HTTP/1.1 200 OK"
2025-05-04 21:22:37,607 - handlers - ERROR - Ошибка handle_text: name 'show_completed_tasks' is not defined
2025-05-04 21:22:38,747 - httpx - INFO - HTTP Request: POST https://api.telegram.org/bot7502883297:AAHmz6Yo68tTWspMlfclb5x8lDPLvZ0ODS8/getUpdates "HTTP/1.1 200 OK"
2025-05-04 21:22:38,759 - handlers - ERROR - Ошибка handle_text: name 'show_completed_tasks' is not defined
2025-05-04 21:22:39,144 - httpx - INFO - HTTP Request: POST https://api.telegram.org/bot7502883297:AAHmz6Yo68tTWspMlfclb5x8lDPLvZ0ODS8/getUpdates "HTTP/1.1 200 OK"
2025-05-04 21:22:39,157 - handlers - ERROR - Ошибка handle_text: name 'show_completed_tasks' is not defined
2025-05-04 21:22:39,452 - httpx - INFO - HTTP Request: POST https://api.telegram.org/bot7502883297:AAHmz6Yo68tTWspMlfclb5x8lDPLvZ0ODS8/getUpdates "HTTP/1.1 200 OK"
2025-05-04 21:22:39,459 - handlers - ERROR - Ошибка handle_text: name 'show_completed_tasks' is not defined
2025-05-04 21:22:39,570 - httpx - INFO - HTTP Request: POST https://api.telegram.org/bot7502883297:AAHmz6Yo68tTWspMlfclb5x8lDPLvZ0ODS8/getUpdates "HTTP/1.1 200 OK"
2025-05-04 21:22:39,584 - handlers - ERROR - Ошибка handle_text: name 'show_completed_tasks' is not defined
2025-05-04 21:22:40,073 - httpx - INFO - HTTP Request: POST https://api.telegram.org/bot7502883297:AAHmz6Yo68tTWspMlfclb5x8lDPLvZ0ODS8/getUpdates "HTTP/1.1 200 OK"
2025-05-04 21:22:40,086 - handlers - ERROR - Ошибка handle_text: name 'show_completed_tasks' is not defined
2025-05-04 21:22:40,628 - httpx - INFO - HTTP Request: POST https://api.telegram.org/bot7502883297:AAHmz6Yo68tTWspMlfclb5x8lDPLvZ0ODS8/getUpdates "HTTP/1.1 200 OK"
2025-05-04 21:22:40,946 - httpx - INFO - HTTP Request: POST https://api.telegram.org/bot7502883297:AAHmz6Yo68tTWspMlfclb5x8lDPLvZ0ODS8/sendMessage "HTTP/1.1 200 OK"
2025-05-04 21:22:42,563 - httpx - INFO - HTTP Request: POST https://api.telegram.org/bot7502883297:AAHmz6Yo68tTWspMlfclb5x8lDPLvZ0ODS8/getUpdates "HTTP/1.1 200 OK"
2025-05-04 21:22:42,831 - httpx - INFO - HTTP Request: POST https://api.telegram.org/bot7502883297:AAHmz6Yo68tTWspMlfclb5x8lDPLvZ0ODS8/answerCallbackQuery "HTTP/1.1 200 OK"
2025-05-04 21:22:43,057 - httpx - INFO - HTTP Request: POST https://api.telegram.org/bot7502883297:AAHmz6Yo68tTWspMlfclb5x8lDPLvZ0ODS8/editMessageText "HTTP/1.1 200 OK"
2025-05-04 21:22:44,065 - httpx - INFO - HTTP Request: POST https://api.telegram.org/bot7502883297:AAHmz6Yo68tTWspMlfclb5x8lDPLvZ0ODS8/getUpdates "HTTP/1.1 200 OK"
2025-05-04 21:22:44,211 - httpx - INFO - HTTP Request: POST https://api.telegram.org/bot7502883297:AAHmz6Yo68tTWspMlfclb5x8lDPLvZ0ODS8/sendMessage "HTTP/1.1 200 OK"
2025-05-04 21:22:46,171 - httpx - INFO - HTTP Request: POST https://api.telegram.org/bot7502883297:AAHmz6Yo68tTWspMlfclb5x8lDPLvZ0ODS8/getUpdates "HTTP/1.1 200 OK"
2025-05-04 21:22:46,271 - httpx - INFO - HTTP Request: POST https://api.telegram.org/bot7502883297:AAHmz6Yo68tTWspMlfclb5x8lDPLvZ0ODS8/answerCallbackQuery "HTTP/1.1 200 OK"
2025-05-04 21:22:46,374 - httpx - INFO - HTTP Request: POST https://api.telegram.org/bot7502883297:AAHmz6Yo68tTWspMlfclb5x8lDPLvZ0ODS8/editMessageText "HTTP/1.1 200 OK"
2025-05-04 21:22:47,991 - httpx - INFO - HTTP Request: POST https://api.telegram.org/bot7502883297:AAHmz6Yo68tTWspMlfclb5x8lDPLvZ0ODS8/getUpdates "HTTP/1.1 200 OK"
2025-05-04 21:22:48,000 - handlers - ERROR - Ошибка handle_text: name 'show_completed_tasks' is not defined
2025-05-04 21:22:58,093 - httpx - INFO - HTTP Request: POST https://api.telegram.org/bot7502883297:AAHmz6Yo68tTWspMlfclb5x8lDPLvZ0ODS8/getUpdates "HTTP/1.1 200 OK"
2025-05-04 21:22:58,878 - httpx - INFO - HTTP Request: POST https://api.telegram.org/bot7502883297:AAHmz6Yo68tTWspMlfclb5x8lDPLvZ0ODS8/getUpdates "HTTP/1.1 200 OK"
2025-05-04 21:22:58,884 - handlers - ERROR - Ошибка handle_text: name 'ask_city' is not defined
2025-05-04 21:23:08,968 - httpx - INFO - HTTP Request: POST https://api.telegram.org/bot7502883297:AAHmz6Yo68tTWspMlfclb5x8lDPLvZ0ODS8/getUpdates "HTTP/1.1 200 OK"
2025-05-04 21:23:19,494 - httpx - INFO - HTTP Request: POST https://api.telegram.org/bot7502883297:AAHmz6Yo68tTWspMlfclb5x8lDPLvZ0ODS8/getUpdates "HTTP/1.1 200 OK"
2025-05-04 21:23:29,609 - httpx - INFO - HTTP Request: POST https://api.telegram.org/bot7502883297:AAHmz6Yo68tTWspMlfclb5x8lDPLvZ0ODS8/getUpdates "HTTP/1.1 200 OK"
2025-05-04 21:23:39,891 - httpx - INFO - HTTP Request: POST https://api.telegram.org/bot7502883297:AAHmz6Yo68tTWspMlfclb5x8lDPLvZ0ODS8/getUpdates "HTTP/1.1 200 OK"
2025-05-04 21:23:49,972 - httpx - INFO - HTTP Request: POST https://api.telegram.org/bot7502883297:AAHmz6Yo68tTWspMlfclb5x8lDPLvZ0ODS8/getUpdates "HTTP/1.1 200 OK"
2025-05-04 21:24:00,048 - httpx - INFO - HTTP Request: POST https://api.telegram.org/bot7502883297:AAHmz6Yo68tTWspMlfclb5x8lDPLvZ0ODS8/getUpdates "HTTP/1.1 200 OK"
2025-05-04 21:24:10,159 - httpx - INFO - HTTP Request: POST https://api.telegram.org/bot7502883297:AAHmz6Yo68tTWspMlfclb5x8lDPLvZ0ODS8/getUpdates "HTTP/1.1 200 OK"
2025-05-04 21:24:20,318 - httpx - INFO - HTTP Request: POST https://api.telegram.org/bot7502883297:AAHmz6Yo68tTWspMlfclb5x8lDPLvZ0ODS8/getUpdates "HTTP/1.1 200 OK"
2025-05-04 21:24:30,399 - httpx - INFO - HTTP Request: POST https://api.telegram.org/bot7502883297:AAHmz6Yo68tTWspMlfclb5x8lDPLvZ0ODS8/getUpdates "HTTP/1.1 200 OK"
2025-05-04 21:24:40,494 - httpx - INFO - HTTP Request: POST https://api.telegram.org/bot7502883297:AAHmz6Yo68tTWspMlfclb5x8lDPLvZ0ODS8/getUpdates "HTTP/1.1 200 OK"
2025-05-04 21:24:50,628 - httpx - INFO - HTTP Request: POST https://api.telegram.org/bot7502883297:AAHmz6Yo68tTWspMlfclb5x8lDPLvZ0ODS8/getUpdates "HTTP/1.1 200 OK"
2025-05-04 21:25:00,706 - httpx - INFO - HTTP Request: POST https://api.telegram.org/bot7502883297:AAHmz6Yo68tTWspMlfclb5x8lDPLvZ0ODS8/getUpdates "HTTP/1.1 200 OK"
2025-05-04 21:25:10,862 - httpx - INFO - HTTP Request: POST https://api.telegram.org/bot7502883297:AAHmz6Yo68tTWspMlfclb5x8lDPLvZ0ODS8/getUpdates "HTTP/1.1 200 OK"
2025-05-04 21:25:21,348 - httpx - INFO - HTTP Request: POST https://api.telegram.org/bot7502883297:AAHmz6Yo68tTWspMlfclb5x8lDPLvZ0ODS8/getUpdates "HTTP/1.1 200 OK"
2025-05-04 21:25:31,441 - httpx - INFO - HTTP Request: POST https://api.telegram.org/bot7502883297:AAHmz6Yo68tTWspMlfclb5x8lDPLvZ0ODS8/getUpdates "HTTP/1.1 200 OK"
2025-05-04 21:25:41,522 - httpx - INFO - HTTP Request: POST https://api.telegram.org/bot7502883297:AAHmz6Yo68tTWspMlfclb5x8lDPLvZ0ODS8/getUpdates "HTTP/1.1 200 OK"
2025-05-04 21:25:51,597 - httpx - INFO - HTTP Request: POST https://api.telegram.org/bot7502883297:AAHmz6Yo68tTWspMlfclb5x8lDPLvZ0ODS8/getUpdates "HTTP/1.1 200 OK"
2025-05-04 21:26:01,674 - httpx - INFO - HTTP Request: POST https://api.telegram.org/bot7502883297:AAHmz6Yo68tTWspMlfclb5x8lDPLvZ0ODS8/getUpdates "HTTP/1.1 200 OK"
2025-05-04 21:26:11,749 - httpx - INFO - HTTP Request: POST https://api.telegram.org/bot7502883297:AAHmz6Yo68tTWspMlfclb5x8lDPLvZ0ODS8/getUpdates "HTTP/1.1 200 OK"
2025-05-04 21:26:21,829 - httpx - INFO - HTTP Request: POST https://api.telegram.org/bot7502883297:AAHmz6Yo68tTWspMlfclb5x8lDPLvZ0ODS8/getUpdates "HTTP/1.1 200 OK"
2025-05-04 21:26:31,918 - httpx - INFO - HTTP Request: POST https://api.telegram.org/bot7502883297:AAHmz6Yo68tTWspMlfclb5x8lDPLvZ0ODS8/getUpdates "HTTP/1.1 200 OK"
2025-05-04 21:26:42,066 - httpx - INFO - HTTP Request: POST https://api.telegram.org/bot7502883297:AAHmz6Yo68tTWspMlfclb5x8lDPLvZ0ODS8/getUpdates "HTTP/1.1 200 OK"
2025-05-04 21:26:52,152 - httpx - INFO - HTTP Request: POST https://api.telegram.org/bot7502883297:AAHmz6Yo68tTWspMlfclb5x8lDPLvZ0ODS8/getUpdates "HTTP/1.1 200 OK"
2025-05-04 21:27:02,240 - httpx - INFO - HTTP Request: POST https://api.telegram.org/bot7502883297:AAHmz6Yo68tTWspMlfclb5x8lDPLvZ0ODS8/getUpdates "HTTP/1.1 200 OK"
2025-05-04 21:27:12,324 - httpx - INFO - HTTP Request: POST https://api.telegram.org/bot7502883297:AAHmz6Yo68tTWspMlfclb5x8lDPLvZ0ODS8/getUpdates "HTTP/1.1 200 OK"
2025-05-04 21:27:22,489 - httpx - INFO - HTTP Request: POST https://api.telegram.org/bot7502883297:AAHmz6Yo68tTWspMlfclb5x8lDPLvZ0ODS8/getUpdates "HTTP/1.1 200 OK"
2025-05-04 21:27:32,566 - httpx - INFO - HTTP Request: POST https://api.telegram.org/bot7502883297:AAHmz6Yo68tTWspMlfclb5x8lDPLvZ0ODS8/getUpdates "HTTP/1.1 200 OK"
2025-05-04 21:27:42,646 - httpx - INFO - HTTP Request: POST https://api.telegram.org/bot7502883297:AAHmz6Yo68tTWspMlfclb5x8lDPLvZ0ODS8/getUpdates "HTTP/1.1 200 OK"
2025-05-04 21:27:52,724 - httpx - INFO - HTTP Request: POST https://api.telegram.org/bot7502883297:AAHmz6Yo68tTWspMlfclb5x8lDPLvZ0ODS8/getUpdates "HTTP/1.1 200 OK"
2025-05-04 21:28:02,811 - httpx - INFO - HTTP Request: POST https://api.telegram.org/bot7502883297:AAHmz6Yo68tTWspMlfclb5x8lDPLvZ0ODS8/getUpdates "HTTP/1.1 200 OK"
2025-05-04 21:28:12,886 - httpx - INFO - HTTP Request: POST https://api.telegram.org/bot7502883297:AAHmz6Yo68tTWspMlfclb5x8lDPLvZ0ODS8/getUpdates "HTTP/1.1 200 OK"
2025-05-04 21:28:22,964 - httpx - INFO - HTTP Request: POST https://api.telegram.org/bot7502883297:AAHmz6Yo68tTWspMlfclb5x8lDPLvZ0ODS8/getUpdates "HTTP/1.1 200 OK"
2025-05-04 21:28:33,042 - httpx - INFO - HTTP Request: POST https://api.telegram.org/bot7502883297:AAHmz6Yo68tTWspMlfclb5x8lDPLvZ0ODS8/getUpdates "HTTP/1.1 200 OK"
2025-05-04 21:28:43,419 - httpx - INFO - HTTP Request: POST https://api.telegram.org/bot7502883297:AAHmz6Yo68tTWspMlfclb5x8lDPLvZ0ODS8/getUpdates "HTTP/1.1 200 OK"
2025-05-04 21:28:53,502 - httpx - INFO - HTTP Request: POST https://api.telegram.org/bot7502883297:AAHmz6Yo68tTWspMlfclb5x8lDPLvZ0ODS8/getUpdates "HTTP/1.1 200 OK"
2025-05-04 21:29:03,664 - httpx - INFO - HTTP Request: POST https://api.telegram.org/bot7502883297:AAHmz6Yo68tTWspMlfclb5x8lDPLvZ0ODS8/getUpdates "HTTP/1.1 200 OK"
2025-05-04 21:29:13,746 - httpx - INFO - HTTP Request: POST https://api.telegram.org/bot7502883297:AAHmz6Yo68tTWspMlfclb5x8lDPLvZ0ODS8/getUpdates "HTTP/1.1 200 OK"
2025-05-04 21:29:23,826 - httpx - INFO - HTTP Request: POST https://api.telegram.org/bot7502883297:AAHmz6Yo68tTWspMlfclb5x8lDPLvZ0ODS8/getUpdates "HTTP/1.1 200 OK"
2025-05-04 21:29:33,971 - httpx - INFO - HTTP Request: POST https://api.telegram.org/bot7502883297:AAHmz6Yo68tTWspMlfclb5x8lDPLvZ0ODS8/getUpdates "HTTP/1.1 200 OK"
2025-05-04 21:29:44,046 - httpx - INFO - HTTP Request: POST https://api.telegram.org/bot7502883297:AAHmz6Yo68tTWspMlfclb5x8lDPLvZ0ODS8/getUpdates "HTTP/1.1 200 OK"
2025-05-04 21:29:54,121 - httpx - INFO - HTTP Request: POST https://api.telegram.org/bot7502883297:AAHmz6Yo68tTWspMlfclb5x8lDPLvZ0ODS8/getUpdates "HTTP/1.1 200 OK"
2025-05-04 21:30:04,590 - httpx - INFO - HTTP Request: POST https://api.telegram.org/bot7502883297:AAHmz6Yo68tTWspMlfclb5x8lDPLvZ0ODS8/getUpdates "HTTP/1.1 200 OK"
2025-05-04 21:30:14,729 - httpx - INFO - HTTP Request: POST https://api.telegram.org/bot7502883297:AAHmz6Yo68tTWspMlfclb5x8lDPLvZ0ODS8/getUpdates "HTTP/1.1 200 OK"
2025-05-04 21:30:24,866 - httpx - INFO - HTTP Request: POST https://api.telegram.org/bot7502883297:AAHmz6Yo68tTWspMlfclb5x8lDPLvZ0ODS8/getUpdates "HTTP/1.1 200 OK"
2025-05-04 21:30:34,952 - httpx - INFO - HTTP Request: POST https://api.telegram.org/bot7502883297:AAHmz6Yo68tTWspMlfclb5x8lDPLvZ0ODS8/getUpdates "HTTP/1.1 200 OK"
2025-05-04 21:30:45,056 - httpx - INFO - HTTP Request: POST https://api.telegram.org/bot7502883297:AAHmz6Yo68tTWspMlfclb5x8lDPLvZ0ODS8/getUpdates "HTTP/1.1 200 OK"
2025-05-04 21:30:55,190 - httpx - INFO - HTTP Request: POST https://api.telegram.org/bot7502883297:AAHmz6Yo68tTWspMlfclb5x8lDPLvZ0ODS8/getUpdates "HTTP/1.1 200 OK"
2025-05-04 21:31:05,279 - httpx - INFO - HTTP Request: POST https://api.telegram.org/bot7502883297:AAHmz6Yo68tTWspMlfclb5x8lDPLvZ0ODS8/getUpdates "HTTP/1.1 200 OK"
2025-05-04 21:31:15,355 - httpx - INFO - HTTP Request: POST https://api.telegram.org/bot7502883297:AAHmz6Yo68tTWspMlfclb5x8lDPLvZ0ODS8/getUpdates "HTTP/1.1 200 OK"
2025-05-04 21:31:25,487 - httpx - INFO - HTTP Request: POST https://api.telegram.org/bot7502883297:AAHmz6Yo68tTWspMlfclb5x8lDPLvZ0ODS8/getUpdates "HTTP/1.1 200 OK"
2025-05-04 21:31:35,627 - httpx - INFO - HTTP Request: POST https://api.telegram.org/bot7502883297:AAHmz6Yo68tTWspMlfclb5x8lDPLvZ0ODS8/getUpdates "HTTP/1.1 200 OK"
2025-05-04 21:31:45,709 - httpx - INFO - HTTP Request: POST https://api.telegram.org/bot7502883297:AAHmz6Yo68tTWspMlfclb5x8lDPLvZ0ODS8/getUpdates "HTTP/1.1 200 OK"
2025-05-04 21:31:55,819 - httpx - INFO - HTTP Request: POST https://api.telegram.org/bot7502883297:AAHmz6Yo68tTWspMlfclb5x8lDPLvZ0ODS8/getUpdates "HTTP/1.1 200 OK"
2025-05-04 21:32:05,935 - httpx - INFO - HTTP Request: POST https://api.telegram.org/bot7502883297:AAHmz6Yo68tTWspMlfclb5x8lDPLvZ0ODS8/getUpdates "HTTP/1.1 200 OK"
2025-05-04 21:32:16,013 - httpx - INFO - HTTP Request: POST https://api.telegram.org/bot7502883297:AAHmz6Yo68tTWspMlfclb5x8lDPLvZ0ODS8/getUpdates "HTTP/1.1 200 OK"
2025-05-04 21:32:26,095 - httpx - INFO - HTTP Request: POST https://api.telegram.org/bot7502883297:AAHmz6Yo68tTWspMlfclb5x8lDPLvZ0ODS8/getUpdates "HTTP/1.1 200 OK"
2025-05-04 21:32:36,171 - httpx - INFO - HTTP Request: POST https://api.telegram.org/bot7502883297:AAHmz6Yo68tTWspMlfclb5x8lDPLvZ0ODS8/getUpdates "HTTP/1.1 200 OK"
2025-05-04 21:32:46,250 - httpx - INFO - HTTP Request: POST https://api.telegram.org/bot7502883297:AAHmz6Yo68tTWspMlfclb5x8lDPLvZ0ODS8/getUpdates "HTTP/1.1 200 OK"
2025-05-04 21:32:56,328 - httpx - INFO - HTTP Request: POST https://api.telegram.org/bot7502883297:AAHmz6Yo68tTWspMlfclb5x8lDPLvZ0ODS8/getUpdates "HTTP/1.1 200 OK"
2025-05-04 21:33:06,406 - httpx - INFO - HTTP Request: POST https://api.telegram.org/bot7502883297:AAHmz6Yo68tTWspMlfclb5x8lDPLvZ0ODS8/getUpdates "HTTP/1.1 200 OK"
2025-05-04 21:33:16,483 - httpx - INFO - HTTP Request: POST https://api.telegram.org/bot7502883297:AAHmz6Yo68tTWspMlfclb5x8lDPLvZ0ODS8/getUpdates "HTTP/1.1 200 OK"
2025-05-04 21:33:26,561 - httpx - INFO - HTTP Request: POST https://api.telegram.org/bot7502883297:AAHmz6Yo68tTWspMlfclb5x8lDPLvZ0ODS8/getUpdates "HTTP/1.1 200 OK"
2025-05-04 21:33:36,636 - httpx - INFO - HTTP Request: POST https://api.telegram.org/bot7502883297:AAHmz6Yo68tTWspMlfclb5x8lDPLvZ0ODS8/getUpdates "HTTP/1.1 200 OK"
2025-05-04 21:33:46,762 - httpx - INFO - HTTP Request: POST https://api.telegram.org/bot7502883297:AAHmz6Yo68tTWspMlfclb5x8lDPLvZ0ODS8/getUpdates "HTTP/1.1 200 OK"
2025-05-04 21:33:56,879 - httpx - INFO - HTTP Request: POST https://api.telegram.org/bot7502883297:AAHmz6Yo68tTWspMlfclb5x8lDPLvZ0ODS8/getUpdates "HTTP/1.1 200 OK"
2025-05-04 21:34:06,956 - httpx - INFO - HTTP Request: POST https://api.telegram.org/bot7502883297:AAHmz6Yo68tTWspMlfclb5x8lDPLvZ0ODS8/getUpdates "HTTP/1.1 200 OK"
2025-05-04 21:34:17,112 - httpx - INFO - HTTP Request: POST https://api.telegram.org/bot7502883297:AAHmz6Yo68tTWspMlfclb5x8lDPLvZ0ODS8/getUpdates "HTTP/1.1 200 OK"
2025-05-04 21:34:27,248 - httpx - INFO - HTTP Request: POST https://api.telegram.org/bot7502883297:AAHmz6Yo68tTWspMlfclb5x8lDPLvZ0ODS8/getUpdates "HTTP/1.1 200 OK"
2025-05-04 21:34:37,325 - httpx - INFO - HTTP Request: POST https://api.telegram.org/bot7502883297:AAHmz6Yo68tTWspMlfclb5x8lDPLvZ0ODS8/getUpdates "HTTP/1.1 200 OK"
2025-05-04 21:34:47,402 - httpx - INFO - HTTP Request: POST https://api.telegram.org/bot7502883297:AAHmz6Yo68tTWspMlfclb5x8lDPLvZ0ODS8/getUpdates "HTTP/1.1 200 OK"
2025-05-04 21:34:57,479 - httpx - INFO - HTTP Request: POST https://api.telegram.org/bot7502883297:AAHmz6Yo68tTWspMlfclb5x8lDPLvZ0ODS8/getUpdates "HTTP/1.1 200 OK"
2025-05-04 21:35:07,594 - httpx - INFO - HTTP Request: POST https://api.telegram.org/bot7502883297:AAHmz6Yo68tTWspMlfclb5x8lDPLvZ0ODS8/getUpdates "HTTP/1.1 200 OK"
2025-05-04 21:35:17,749 - httpx - INFO - HTTP Request: POST https://api.telegram.org/bot7502883297:AAHmz6Yo68tTWspMlfclb5x8lDPLvZ0ODS8/getUpdates "HTTP/1.1 200 OK"
2025-05-04 21:35:27,870 - httpx - INFO - HTTP Request: POST https://api.telegram.org/bot7502883297:AAHmz6Yo68tTWspMlfclb5x8lDPLvZ0ODS8/getUpdates "HTTP/1.1 200 OK"
2025-05-04 21:35:37,954 - httpx - INFO - HTTP Request: POST https://api.telegram.org/bot7502883297:AAHmz6Yo68tTWspMlfclb5x8lDPLvZ0ODS8/getUpdates "HTTP/1.1 200 OK"
2025-05-04 21:35:48,053 - httpx - INFO - HTTP Request: POST https://api.telegram.org/bot7502883297:AAHmz6Yo68tTWspMlfclb5x8lDPLvZ0ODS8/getUpdates "HTTP/1.1 200 OK"
2025-05-04 21:35:58,150 - httpx - INFO - HTTP Request: POST https://api.telegram.org/bot7502883297:AAHmz6Yo68tTWspMlfclb5x8lDPLvZ0ODS8/getUpdates "HTTP/1.1 200 OK"
2025-05-04 21:36:08,249 - httpx - INFO - HTTP Request: POST https://api.telegram.org/bot7502883297:AAHmz6Yo68tTWspMlfclb5x8lDPLvZ0ODS8/getUpdates "HTTP/1.1 200 OK"
2025-05-04 21:36:18,326 - httpx - INFO - HTTP Request: POST https://api.telegram.org/bot7502883297:AAHmz6Yo68tTWspMlfclb5x8lDPLvZ0ODS8/getUpdates "HTTP/1.1 200 OK"
2025-05-04 21:36:28,407 - httpx - INFO - HTTP Request: POST https://api.telegram.org/bot7502883297:AAHmz6Yo68tTWspMlfclb5x8lDPLvZ0ODS8/getUpdates "HTTP/1.1 200 OK"
2025-05-04 21:36:38,649 - httpx - INFO - HTTP Request: POST https://api.telegram.org/bot7502883297:AAHmz6Yo68tTWspMlfclb5x8lDPLvZ0ODS8/getUpdates "HTTP/1.1 200 OK"
2025-05-04 21:36:48,749 - httpx - INFO - HTTP Request: POST https://api.telegram.org/bot7502883297:AAHmz6Yo68tTWspMlfclb5x8lDPLvZ0ODS8/getUpdates "HTTP/1.1 200 OK"
2025-05-04 21:36:58,823 - httpx - INFO - HTTP Request: POST https://api.telegram.org/bot7502883297:AAHmz6Yo68tTWspMlfclb5x8lDPLvZ0ODS8/getUpdates "HTTP/1.1 200 OK"
2025-05-04 21:37:08,911 - httpx - INFO - HTTP Request: POST https://api.telegram.org/bot7502883297:AAHmz6Yo68tTWspMlfclb5x8lDPLvZ0ODS8/getUpdates "HTTP/1.1 200 OK"
2025-05-04 21:37:19,020 - httpx - INFO - HTTP Request: POST https://api.telegram.org/bot7502883297:AAHmz6Yo68tTWspMlfclb5x8lDPLvZ0ODS8/getUpdates "HTTP/1.1 200 OK"
2025-05-04 21:37:29,116 - httpx - INFO - HTTP Request: POST https://api.telegram.org/bot7502883297:AAHmz6Yo68tTWspMlfclb5x8lDPLvZ0ODS8/getUpdates "HTTP/1.1 200 OK"
2025-05-04 21:37:39,190 - httpx - INFO - HTTP Request: POST https://api.telegram.org/bot7502883297:AAHmz6Yo68tTWspMlfclb5x8lDPLvZ0ODS8/getUpdates "HTTP/1.1 200 OK"
2025-05-04 21:37:49,264 - httpx - INFO - HTTP Request: POST https://api.telegram.org/bot7502883297:AAHmz6Yo68tTWspMlfclb5x8lDPLvZ0ODS8/getUpdates "HTTP/1.1 200 OK"
2025-05-04 21:37:59,658 - httpx - INFO - HTTP Request: POST https://api.telegram.org/bot7502883297:AAHmz6Yo68tTWspMlfclb5x8lDPLvZ0ODS8/getUpdates "HTTP/1.1 200 OK"
2025-05-04 21:38:09,735 - httpx - INFO - HTTP Request: POST https://api.telegram.org/bot7502883297:AAHmz6Yo68tTWspMlfclb5x8lDPLvZ0ODS8/getUpdates "HTTP/1.1 200 OK"
2025-05-04 21:38:19,813 - httpx - INFO - HTTP Request: POST https://api.telegram.org/bot7502883297:AAHmz6Yo68tTWspMlfclb5x8lDPLvZ0ODS8/getUpdates "HTTP/1.1 200 OK"
2025-05-04 21:38:29,888 - httpx - INFO - HTTP Request: POST https://api.telegram.org/bot7502883297:AAHmz6Yo68tTWspMlfclb5x8lDPLvZ0ODS8/getUpdates "HTTP/1.1 200 OK"
2025-05-04 21:38:39,966 - httpx - INFO - HTTP Request: POST https://api.telegram.org/bot7502883297:AAHmz6Yo68tTWspMlfclb5x8lDPLvZ0ODS8/getUpdates "HTTP/1.1 200 OK"
2025-05-04 21:38:50,043 - httpx - INFO - HTTP Request: POST https://api.telegram.org/bot7502883297:AAHmz6Yo68tTWspMlfclb5x8lDPLvZ0ODS8/getUpdates "HTTP/1.1 200 OK"
2025-05-04 21:38:57,248 - httpx - INFO - HTTP Request: POST https://api.telegram.org/bot7502883297:AAHmz6Yo68tTWspMlfclb5x8lDPLvZ0ODS8/getUpdates "HTTP/1.1 200 OK"
2025-05-04 21:38:57,250 - telegram.ext.Application - INFO - Application is stopping. This might take a moment.
2025-05-04 21:38:57,250 - apscheduler.scheduler - INFO - Scheduler has been shut down
2025-05-04 21:38:57,251 - telegram.ext.Application - INFO - Application.stop() complete
2025-05-04 21:38:57,252 - __main__ - INFO - Бот выключается
2025-05-04 21:38:58,784 - __main__ - INFO - Бот запущен
2025-05-04 21:38:59,034 - httpx - INFO - HTTP Request: POST https://api.telegram.org/bot7502883297:AAHmz6Yo68tTWspMlfclb5x8lDPLvZ0ODS8/getMe "HTTP/1.1 200 OK"
2025-05-04 21:38:59,148 - httpx - INFO - HTTP Request: POST https://api.telegram.org/bot7502883297:AAHmz6Yo68tTWspMlfclb5x8lDPLvZ0ODS8/setMyCommands "HTTP/1.1 200 OK"
2025-05-04 21:38:59,150 - __main__ - INFO - Бот инициализирован
2025-05-04 21:38:59,229 - httpx - INFO - HTTP Request: POST https://api.telegram.org/bot7502883297:AAHmz6Yo68tTWspMlfclb5x8lDPLvZ0ODS8/deleteWebhook "HTTP/1.1 200 OK"
2025-05-04 21:38:59,232 - apscheduler.scheduler - INFO - Scheduler started
2025-05-04 21:38:59,232 - telegram.ext.Application - INFO - Application started
2025-05-04 21:39:02,705 - httpx - INFO - HTTP Request: POST https://api.telegram.org/bot7502883297:AAHmz6Yo68tTWspMlfclb5x8lDPLvZ0ODS8/getUpdates "HTTP/1.1 200 OK"
2025-05-04 21:39:02,825 - httpx - INFO - HTTP Request: POST https://api.telegram.org/bot7502883297:AAHmz6Yo68tTWspMlfclb5x8lDPLvZ0ODS8/sendMessage "HTTP/1.1 200 OK"
2025-05-04 21:39:03,893 - httpx - INFO - HTTP Request: POST https://api.telegram.org/bot7502883297:AAHmz6Yo68tTWspMlfclb5x8lDPLvZ0ODS8/getUpdates "HTTP/1.1 200 OK"
2025-05-04 21:39:04,018 - httpx - INFO - HTTP Request: POST https://api.telegram.org/bot7502883297:AAHmz6Yo68tTWspMlfclb5x8lDPLvZ0ODS8/sendMessage "HTTP/1.1 200 OK"
2025-05-04 21:39:08,999 - httpx - INFO - HTTP Request: POST https://api.telegram.org/bot7502883297:AAHmz6Yo68tTWspMlfclb5x8lDPLvZ0ODS8/getUpdates "HTTP/1.1 200 OK"
2025-05-04 21:39:09,121 - httpx - INFO - HTTP Request: POST https://api.telegram.org/bot7502883297:AAHmz6Yo68tTWspMlfclb5x8lDPLvZ0ODS8/sendMessage "HTTP/1.1 200 OK"
2025-05-04 21:39:11,227 - httpx - INFO - HTTP Request: POST https://api.telegram.org/bot7502883297:AAHmz6Yo68tTWspMlfclb5x8lDPLvZ0ODS8/getUpdates "HTTP/1.1 200 OK"
2025-05-04 21:39:11,837 - httpx - INFO - HTTP Request: POST https://api.telegram.org/bot7502883297:AAHmz6Yo68tTWspMlfclb5x8lDPLvZ0ODS8/sendMessage "HTTP/1.1 200 OK"
2025-05-04 21:39:13,490 - httpx - INFO - HTTP Request: POST https://api.telegram.org/bot7502883297:AAHmz6Yo68tTWspMlfclb5x8lDPLvZ0ODS8/getUpdates "HTTP/1.1 200 OK"
2025-05-04 21:39:13,770 - httpx - INFO - HTTP Request: POST https://api.telegram.org/bot7502883297:AAHmz6Yo68tTWspMlfclb5x8lDPLvZ0ODS8/answerCallbackQuery "HTTP/1.1 200 OK"
2025-05-04 21:39:13,896 - httpx - INFO - HTTP Request: POST https://api.telegram.org/bot7502883297:AAHmz6Yo68tTWspMlfclb5x8lDPLvZ0ODS8/editMessageText "HTTP/1.1 200 OK"
2025-05-04 21:39:14,937 - httpx - INFO - HTTP Request: POST https://api.telegram.org/bot7502883297:AAHmz6Yo68tTWspMlfclb5x8lDPLvZ0ODS8/getUpdates "HTTP/1.1 200 OK"
2025-05-04 21:39:15,053 - httpx - INFO - HTTP Request: POST https://api.telegram.org/bot7502883297:AAHmz6Yo68tTWspMlfclb5x8lDPLvZ0ODS8/sendMessage "HTTP/1.1 200 OK"
2025-05-04 21:39:17,072 - httpx - INFO - HTTP Request: POST https://api.telegram.org/bot7502883297:AAHmz6Yo68tTWspMlfclb5x8lDPLvZ0ODS8/getUpdates "HTTP/1.1 200 OK"
2025-05-04 21:39:17,179 - httpx - INFO - HTTP Request: POST https://api.telegram.org/bot7502883297:AAHmz6Yo68tTWspMlfclb5x8lDPLvZ0ODS8/sendMessage "HTTP/1.1 200 OK"
2025-05-04 21:39:21,857 - httpx - INFO - HTTP Request: POST https://api.telegram.org/bot7502883297:AAHmz6Yo68tTWspMlfclb5x8lDPLvZ0ODS8/getUpdates "HTTP/1.1 200 OK"
2025-05-04 21:39:22,155 - httpx - INFO - HTTP Request: POST https://api.telegram.org/bot7502883297:AAHmz6Yo68tTWspMlfclb5x8lDPLvZ0ODS8/sendMessage "HTTP/1.1 200 OK"
2025-05-04 21:39:24,563 - httpx - INFO - HTTP Request: POST https://api.telegram.org/bot7502883297:AAHmz6Yo68tTWspMlfclb5x8lDPLvZ0ODS8/getUpdates "HTTP/1.1 200 OK"
2025-05-04 21:39:25,150 - httpx - INFO - HTTP Request: POST https://api.telegram.org/bot7502883297:AAHmz6Yo68tTWspMlfclb5x8lDPLvZ0ODS8/sendMessage "HTTP/1.1 200 OK"
2025-05-04 21:39:35,121 - httpx - INFO - HTTP Request: POST https://api.telegram.org/bot7502883297:AAHmz6Yo68tTWspMlfclb5x8lDPLvZ0ODS8/getUpdates "HTTP/1.1 200 OK"
2025-05-04 21:39:45,202 - httpx - INFO - HTTP Request: POST https://api.telegram.org/bot7502883297:AAHmz6Yo68tTWspMlfclb5x8lDPLvZ0ODS8/getUpdates "HTTP/1.1 200 OK"
2025-05-04 21:39:55,280 - httpx - INFO - HTTP Request: POST https://api.telegram.org/bot7502883297:AAHmz6Yo68tTWspMlfclb5x8lDPLvZ0ODS8/getUpdates "HTTP/1.1 200 OK"
2025-05-04 21:40:05,354 - httpx - INFO - HTTP Request: POST https://api.telegram.org/bot7502883297:AAHmz6Yo68tTWspMlfclb5x8lDPLvZ0ODS8/getUpdates "HTTP/1.1 200 OK"
2025-05-04 21:40:10,457 - httpx - INFO - HTTP Request: POST https://api.telegram.org/bot7502883297:AAHmz6Yo68tTWspMlfclb5x8lDPLvZ0ODS8/getUpdates "HTTP/1.1 200 OK"
2025-05-04 21:40:10,458 - telegram.ext.Application - INFO - Application is stopping. This might take a moment.
2025-05-04 21:40:10,458 - apscheduler.scheduler - INFO - Scheduler has been shut down
2025-05-04 21:40:10,458 - telegram.ext.Application - INFO - Application.stop() complete
2025-05-04 21:40:10,460 - __main__ - INFO - Бот выключается
2025-05-04 22:02:23,220 - __main__ - INFO - Бот запущен
2025-05-04 22:02:23,474 - httpx - INFO - HTTP Request: POST https://api.telegram.org/bot7502883297:AAHmz6Yo68tTWspMlfclb5x8lDPLvZ0ODS8/getMe "HTTP/1.1 200 OK"
2025-05-04 22:02:23,575 - httpx - INFO - HTTP Request: POST https://api.telegram.org/bot7502883297:AAHmz6Yo68tTWspMlfclb5x8lDPLvZ0ODS8/setMyCommands "HTTP/1.1 200 OK"
2025-05-04 22:02:23,576 - __main__ - INFO - Бот инициализирован
2025-05-04 22:02:23,663 - httpx - INFO - HTTP Request: POST https://api.telegram.org/bot7502883297:AAHmz6Yo68tTWspMlfclb5x8lDPLvZ0ODS8/deleteWebhook "HTTP/1.1 200 OK"
2025-05-04 22:02:23,666 - apscheduler.scheduler - INFO - Scheduler started
2025-05-04 22:02:23,667 - telegram.ext.Application - INFO - Application started
2025-05-04 22:02:33,905 - httpx - INFO - HTTP Request: POST https://api.telegram.org/bot7502883297:AAHmz6Yo68tTWspMlfclb5x8lDPLvZ0ODS8/getUpdates "HTTP/1.1 200 OK"
2025-05-04 22:02:43,982 - httpx - INFO - HTTP Request: POST https://api.telegram.org/bot7502883297:AAHmz6Yo68tTWspMlfclb5x8lDPLvZ0ODS8/getUpdates "HTTP/1.1 200 OK"
2025-05-04 22:02:51,971 - httpx - INFO - HTTP Request: POST https://api.telegram.org/bot7502883297:AAHmz6Yo68tTWspMlfclb5x8lDPLvZ0ODS8/getUpdates "HTTP/1.1 200 OK"
2025-05-04 22:02:52,301 - httpx - INFO - HTTP Request: POST https://api.telegram.org/bot7502883297:AAHmz6Yo68tTWspMlfclb5x8lDPLvZ0ODS8/sendMessage "HTTP/1.1 200 OK"
2025-05-04 22:02:54,887 - httpx - INFO - HTTP Request: POST https://api.telegram.org/bot7502883297:AAHmz6Yo68tTWspMlfclb5x8lDPLvZ0ODS8/getUpdates "HTTP/1.1 200 OK"
2025-05-04 22:03:00,596 - httpx - INFO - HTTP Request: POST https://api.telegram.org/bot7502883297:AAHmz6Yo68tTWspMlfclb5x8lDPLvZ0ODS8/getUpdates "HTTP/1.1 200 OK"
2025-05-04 22:03:00,921 - httpx - INFO - HTTP Request: POST https://api.telegram.org/bot7502883297:AAHmz6Yo68tTWspMlfclb5x8lDPLvZ0ODS8/sendMessage "HTTP/1.1 200 OK"
2025-05-04 22:03:02,596 - httpx - INFO - HTTP Request: POST https://api.telegram.org/bot7502883297:AAHmz6Yo68tTWspMlfclb5x8lDPLvZ0ODS8/getUpdates "HTTP/1.1 200 OK"
2025-05-04 22:03:02,733 - httpx - INFO - HTTP Request: POST https://api.telegram.org/bot7502883297:AAHmz6Yo68tTWspMlfclb5x8lDPLvZ0ODS8/sendMessage "HTTP/1.1 200 OK"
2025-05-04 22:03:04,410 - httpx - INFO - HTTP Request: POST https://api.telegram.org/bot7502883297:AAHmz6Yo68tTWspMlfclb5x8lDPLvZ0ODS8/getUpdates "HTTP/1.1 200 OK"
2025-05-04 22:03:04,619 - httpx - INFO - HTTP Request: POST https://api.telegram.org/bot7502883297:AAHmz6Yo68tTWspMlfclb5x8lDPLvZ0ODS8/answerCallbackQuery "HTTP/1.1 200 OK"
2025-05-04 22:03:04,748 - httpx - INFO - HTTP Request: POST https://api.telegram.org/bot7502883297:AAHmz6Yo68tTWspMlfclb5x8lDPLvZ0ODS8/editMessageText "HTTP/1.1 200 OK"
2025-05-04 22:03:05,408 - httpx - INFO - HTTP Request: POST https://api.telegram.org/bot7502883297:AAHmz6Yo68tTWspMlfclb5x8lDPLvZ0ODS8/getUpdates "HTTP/1.1 200 OK"
2025-05-04 22:03:07,148 - httpx - INFO - HTTP Request: POST https://api.telegram.org/bot7502883297:AAHmz6Yo68tTWspMlfclb5x8lDPLvZ0ODS8/getUpdates "HTTP/1.1 200 OK"
2025-05-04 22:03:07,275 - httpx - INFO - HTTP Request: POST https://api.telegram.org/bot7502883297:AAHmz6Yo68tTWspMlfclb5x8lDPLvZ0ODS8/sendMessage "HTTP/1.1 200 OK"
2025-05-04 22:03:17,249 - httpx - INFO - HTTP Request: POST https://api.telegram.org/bot7502883297:AAHmz6Yo68tTWspMlfclb5x8lDPLvZ0ODS8/getUpdates "HTTP/1.1 200 OK"
2025-05-04 22:03:22,172 - httpx - INFO - HTTP Request: POST https://api.telegram.org/bot7502883297:AAHmz6Yo68tTWspMlfclb5x8lDPLvZ0ODS8/getUpdates "HTTP/1.1 200 OK"
2025-05-04 22:03:26,467 - httpx - INFO - HTTP Request: POST https://api.telegram.org/bot7502883297:AAHmz6Yo68tTWspMlfclb5x8lDPLvZ0ODS8/getUpdates "HTTP/1.1 200 OK"
2025-05-04 22:03:27,770 - httpx - INFO - HTTP Request: POST https://api.telegram.org/bot7502883297:AAHmz6Yo68tTWspMlfclb5x8lDPLvZ0ODS8/getUpdates "HTTP/1.1 200 OK"
2025-05-04 22:03:28,780 - httpx - INFO - HTTP Request: POST https://api.telegram.org/bot7502883297:AAHmz6Yo68tTWspMlfclb5x8lDPLvZ0ODS8/getUpdates "HTTP/1.1 200 OK"
2025-05-04 22:03:38,883 - httpx - INFO - HTTP Request: POST https://api.telegram.org/bot7502883297:AAHmz6Yo68tTWspMlfclb5x8lDPLvZ0ODS8/getUpdates "HTTP/1.1 200 OK"
2025-05-04 22:03:48,963 - httpx - INFO - HTTP Request: POST https://api.telegram.org/bot7502883297:AAHmz6Yo68tTWspMlfclb5x8lDPLvZ0ODS8/getUpdates "HTTP/1.1 200 OK"
2025-05-04 22:03:59,051 - httpx - INFO - HTTP Request: POST https://api.telegram.org/bot7502883297:AAHmz6Yo68tTWspMlfclb5x8lDPLvZ0ODS8/getUpdates "HTTP/1.1 200 OK"
2025-05-04 22:04:00,117 - httpx - INFO - HTTP Request: POST https://api.telegram.org/bot7502883297:AAHmz6Yo68tTWspMlfclb5x8lDPLvZ0ODS8/getUpdates "HTTP/1.1 200 OK"
2025-05-04 22:04:00,412 - httpx - INFO - HTTP Request: POST https://api.telegram.org/bot7502883297:AAHmz6Yo68tTWspMlfclb5x8lDPLvZ0ODS8/sendMessage "HTTP/1.1 200 OK"
2025-05-04 22:04:10,252 - httpx - INFO - HTTP Request: POST https://api.telegram.org/bot7502883297:AAHmz6Yo68tTWspMlfclb5x8lDPLvZ0ODS8/getUpdates "HTTP/1.1 200 OK"
2025-05-04 22:04:20,334 - httpx - INFO - HTTP Request: POST https://api.telegram.org/bot7502883297:AAHmz6Yo68tTWspMlfclb5x8lDPLvZ0ODS8/getUpdates "HTTP/1.1 200 OK"
2025-05-04 22:04:21,989 - httpx - INFO - HTTP Request: POST https://api.telegram.org/bot7502883297:AAHmz6Yo68tTWspMlfclb5x8lDPLvZ0ODS8/getUpdates "HTTP/1.1 200 OK"
2025-05-04 22:04:22,746 - httpx - INFO - HTTP Request: POST https://api.telegram.org/bot7502883297:AAHmz6Yo68tTWspMlfclb5x8lDPLvZ0ODS8/sendMessage "HTTP/1.1 200 OK"
2025-05-04 22:04:24,808 - httpx - INFO - HTTP Request: POST https://api.telegram.org/bot7502883297:AAHmz6Yo68tTWspMlfclb5x8lDPLvZ0ODS8/getUpdates "HTTP/1.1 200 OK"
2025-05-04 22:04:24,938 - httpx - INFO - HTTP Request: POST https://api.telegram.org/bot7502883297:AAHmz6Yo68tTWspMlfclb5x8lDPLvZ0ODS8/sendMessage "HTTP/1.1 200 OK"
2025-05-04 22:04:26,432 - httpx - INFO - HTTP Request: POST https://api.telegram.org/bot7502883297:AAHmz6Yo68tTWspMlfclb5x8lDPLvZ0ODS8/getUpdates "HTTP/1.1 200 OK"
2025-05-04 22:04:26,570 - httpx - INFO - HTTP Request: POST https://api.telegram.org/bot7502883297:AAHmz6Yo68tTWspMlfclb5x8lDPLvZ0ODS8/sendMessage "HTTP/1.1 200 OK"
2025-05-04 22:04:28,203 - httpx - INFO - HTTP Request: POST https://api.telegram.org/bot7502883297:AAHmz6Yo68tTWspMlfclb5x8lDPLvZ0ODS8/getUpdates "HTTP/1.1 200 OK"
2025-05-04 22:04:28,528 - httpx - INFO - HTTP Request: POST https://api.telegram.org/bot7502883297:AAHmz6Yo68tTWspMlfclb5x8lDPLvZ0ODS8/sendMessage "HTTP/1.1 200 OK"
2025-05-04 22:04:38,299 - httpx - INFO - HTTP Request: POST https://api.telegram.org/bot7502883297:AAHmz6Yo68tTWspMlfclb5x8lDPLvZ0ODS8/getUpdates "HTTP/1.1 200 OK"
2025-05-04 22:04:43,012 - httpx - INFO - HTTP Request: POST https://api.telegram.org/bot7502883297:AAHmz6Yo68tTWspMlfclb5x8lDPLvZ0ODS8/getUpdates "HTTP/1.1 200 OK"
2025-05-04 22:04:43,307 - httpx - INFO - HTTP Request: POST https://api.telegram.org/bot7502883297:AAHmz6Yo68tTWspMlfclb5x8lDPLvZ0ODS8/sendMessage "HTTP/1.1 200 OK"
2025-05-04 22:04:53,468 - httpx - INFO - HTTP Request: POST https://api.telegram.org/bot7502883297:AAHmz6Yo68tTWspMlfclb5x8lDPLvZ0ODS8/getUpdates "HTTP/1.1 200 OK"
2025-05-04 22:04:59,717 - httpx - INFO - HTTP Request: POST https://api.telegram.org/bot7502883297:AAHmz6Yo68tTWspMlfclb5x8lDPLvZ0ODS8/getUpdates "HTTP/1.1 200 OK"
2025-05-04 22:05:08,928 - httpx - INFO - HTTP Request: POST https://api.telegram.org/bot7502883297:AAHmz6Yo68tTWspMlfclb5x8lDPLvZ0ODS8/getUpdates "HTTP/1.1 200 OK"
2025-05-04 22:05:10,090 - httpx - INFO - HTTP Request: POST https://api.telegram.org/bot7502883297:AAHmz6Yo68tTWspMlfclb5x8lDPLvZ0ODS8/sendMessage "HTTP/1.1 200 OK"
2025-05-04 22:05:12,668 - httpx - INFO - HTTP Request: POST https://api.telegram.org/bot7502883297:AAHmz6Yo68tTWspMlfclb5x8lDPLvZ0ODS8/getUpdates "HTTP/1.1 200 OK"
2025-05-04 22:05:12,792 - httpx - INFO - HTTP Request: POST https://api.telegram.org/bot7502883297:AAHmz6Yo68tTWspMlfclb5x8lDPLvZ0ODS8/sendMessage "HTTP/1.1 200 OK"
2025-05-04 22:05:12,864 - httpx - INFO - HTTP Request: POST https://api.telegram.org/bot7502883297:AAHmz6Yo68tTWspMlfclb5x8lDPLvZ0ODS8/getUpdates "HTTP/1.1 200 OK"
2025-05-04 22:05:12,979 - httpx - INFO - HTTP Request: POST https://api.telegram.org/bot7502883297:AAHmz6Yo68tTWspMlfclb5x8lDPLvZ0ODS8/sendMessage "HTTP/1.1 200 OK"
2025-05-04 22:05:18,670 - httpx - INFO - HTTP Request: POST https://api.telegram.org/bot7502883297:AAHmz6Yo68tTWspMlfclb5x8lDPLvZ0ODS8/getUpdates "HTTP/1.1 200 OK"
2025-05-04 22:05:19,139 - httpx - INFO - HTTP Request: POST https://api.telegram.org/bot7502883297:AAHmz6Yo68tTWspMlfclb5x8lDPLvZ0ODS8/sendMessage "HTTP/1.1 200 OK"
2025-05-04 22:05:20,810 - httpx - INFO - HTTP Request: POST https://api.telegram.org/bot7502883297:AAHmz6Yo68tTWspMlfclb5x8lDPLvZ0ODS8/getUpdates "HTTP/1.1 200 OK"
2025-05-04 22:05:20,942 - httpx - INFO - HTTP Request: POST https://api.telegram.org/bot7502883297:AAHmz6Yo68tTWspMlfclb5x8lDPLvZ0ODS8/sendMessage "HTTP/1.1 200 OK"
2025-05-04 22:05:22,254 - httpx - INFO - HTTP Request: POST https://api.telegram.org/bot7502883297:AAHmz6Yo68tTWspMlfclb5x8lDPLvZ0ODS8/getUpdates "HTTP/1.1 200 OK"
2025-05-04 22:05:22,383 - httpx - INFO - HTTP Request: POST https://api.telegram.org/bot7502883297:AAHmz6Yo68tTWspMlfclb5x8lDPLvZ0ODS8/sendMessage "HTTP/1.1 200 OK"
2025-05-04 22:05:27,266 - httpx - INFO - HTTP Request: POST https://api.telegram.org/bot7502883297:AAHmz6Yo68tTWspMlfclb5x8lDPLvZ0ODS8/getUpdates "HTTP/1.1 200 OK"
2025-05-04 22:05:31,580 - httpx - INFO - HTTP Request: POST https://api.telegram.org/bot7502883297:AAHmz6Yo68tTWspMlfclb5x8lDPLvZ0ODS8/getUpdates "HTTP/1.1 200 OK"
2025-05-04 22:05:31,596 - handlers - ERROR - Ошибка сохранения задачи: FOREIGN KEY constraint failed
2025-05-04 22:05:31,872 - httpx - INFO - HTTP Request: POST https://api.telegram.org/bot7502883297:AAHmz6Yo68tTWspMlfclb5x8lDPLvZ0ODS8/sendMessage "HTTP/1.1 200 OK"
2025-05-04 22:05:40,264 - httpx - INFO - HTTP Request: POST https://api.telegram.org/bot7502883297:AAHmz6Yo68tTWspMlfclb5x8lDPLvZ0ODS8/getUpdates "HTTP/1.1 200 OK"
2025-05-04 22:05:40,556 - httpx - INFO - HTTP Request: POST https://api.telegram.org/bot7502883297:AAHmz6Yo68tTWspMlfclb5x8lDPLvZ0ODS8/sendMessage "HTTP/1.1 200 OK"
2025-05-04 22:05:42,414 - httpx - INFO - HTTP Request: POST https://api.telegram.org/bot7502883297:AAHmz6Yo68tTWspMlfclb5x8lDPLvZ0ODS8/getUpdates "HTTP/1.1 200 OK"
2025-05-04 22:05:42,539 - httpx - INFO - HTTP Request: POST https://api.telegram.org/bot7502883297:AAHmz6Yo68tTWspMlfclb5x8lDPLvZ0ODS8/sendMessage "HTTP/1.1 200 OK"
2025-05-04 22:05:44,420 - httpx - INFO - HTTP Request: POST https://api.telegram.org/bot7502883297:AAHmz6Yo68tTWspMlfclb5x8lDPLvZ0ODS8/getUpdates "HTTP/1.1 200 OK"
2025-05-04 22:05:44,531 - httpx - INFO - HTTP Request: POST https://api.telegram.org/bot7502883297:AAHmz6Yo68tTWspMlfclb5x8lDPLvZ0ODS8/sendMessage "HTTP/1.1 200 OK"
2025-05-04 22:05:53,782 - httpx - INFO - HTTP Request: POST https://api.telegram.org/bot7502883297:AAHmz6Yo68tTWspMlfclb5x8lDPLvZ0ODS8/getUpdates "HTTP/1.1 200 OK"
2025-05-04 22:05:53,799 - handlers - ERROR - Ошибка сохранения задачи: FOREIGN KEY constraint failed
2025-05-04 22:05:54,561 - httpx - INFO - HTTP Request: POST https://api.telegram.org/bot7502883297:AAHmz6Yo68tTWspMlfclb5x8lDPLvZ0ODS8/sendMessage "HTTP/1.1 200 OK"
2025-05-04 22:05:56,334 - httpx - INFO - HTTP Request: POST https://api.telegram.org/bot7502883297:AAHmz6Yo68tTWspMlfclb5x8lDPLvZ0ODS8/getUpdates "HTTP/1.1 200 OK"
2025-05-04 22:05:56,466 - httpx - INFO - HTTP Request: POST https://api.telegram.org/bot7502883297:AAHmz6Yo68tTWspMlfclb5x8lDPLvZ0ODS8/sendMessage "HTTP/1.1 200 OK"
2025-05-04 22:05:58,350 - httpx - INFO - HTTP Request: POST https://api.telegram.org/bot7502883297:AAHmz6Yo68tTWspMlfclb5x8lDPLvZ0ODS8/getUpdates "HTTP/1.1 200 OK"
2025-05-04 22:05:58,478 - httpx - INFO - HTTP Request: POST https://api.telegram.org/bot7502883297:AAHmz6Yo68tTWspMlfclb5x8lDPLvZ0ODS8/sendMessage "HTTP/1.1 200 OK"
2025-05-04 22:06:00,436 - httpx - INFO - HTTP Request: POST https://api.telegram.org/bot7502883297:AAHmz6Yo68tTWspMlfclb5x8lDPLvZ0ODS8/getUpdates "HTTP/1.1 200 OK"
2025-05-04 22:06:00,619 - httpx - INFO - HTTP Request: POST https://api.telegram.org/bot7502883297:AAHmz6Yo68tTWspMlfclb5x8lDPLvZ0ODS8/sendMessage "HTTP/1.1 200 OK"
2025-05-04 22:06:05,605 - httpx - INFO - HTTP Request: POST https://api.telegram.org/bot7502883297:AAHmz6Yo68tTWspMlfclb5x8lDPLvZ0ODS8/getUpdates "HTTP/1.1 200 OK"
2025-05-04 22:06:06,060 - httpx - INFO - HTTP Request: POST https://api.telegram.org/bot7502883297:AAHmz6Yo68tTWspMlfclb5x8lDPLvZ0ODS8/sendMessage "HTTP/1.1 200 OK"
2025-05-04 22:06:08,330 - httpx - INFO - HTTP Request: POST https://api.telegram.org/bot7502883297:AAHmz6Yo68tTWspMlfclb5x8lDPLvZ0ODS8/getUpdates "HTTP/1.1 200 OK"
2025-05-04 22:06:08,807 - httpx - INFO - HTTP Request: POST https://api.telegram.org/bot7502883297:AAHmz6Yo68tTWspMlfclb5x8lDPLvZ0ODS8/sendMessage "HTTP/1.1 200 OK"
2025-05-04 22:06:10,573 - httpx - INFO - HTTP Request: POST https://api.telegram.org/bot7502883297:AAHmz6Yo68tTWspMlfclb5x8lDPLvZ0ODS8/getUpdates "HTTP/1.1 200 OK"
2025-05-04 22:06:10,703 - httpx - INFO - HTTP Request: POST https://api.telegram.org/bot7502883297:AAHmz6Yo68tTWspMlfclb5x8lDPLvZ0ODS8/sendMessage "HTTP/1.1 200 OK"
2025-05-04 22:06:19,826 - httpx - INFO - HTTP Request: POST https://api.telegram.org/bot7502883297:AAHmz6Yo68tTWspMlfclb5x8lDPLvZ0ODS8/getUpdates "HTTP/1.1 200 OK"
2025-05-04 22:06:19,836 - handlers - ERROR - Ошибка сохранения задачи: FOREIGN KEY constraint failed
2025-05-04 22:06:20,101 - httpx - INFO - HTTP Request: POST https://api.telegram.org/bot7502883297:AAHmz6Yo68tTWspMlfclb5x8lDPLvZ0ODS8/sendMessage "HTTP/1.1 200 OK"
2025-05-04 22:06:23,187 - httpx - INFO - HTTP Request: POST https://api.telegram.org/bot7502883297:AAHmz6Yo68tTWspMlfclb5x8lDPLvZ0ODS8/getUpdates "HTTP/1.1 200 OK"
2025-05-04 22:06:23,331 - httpx - INFO - HTTP Request: POST https://api.telegram.org/bot7502883297:AAHmz6Yo68tTWspMlfclb5x8lDPLvZ0ODS8/sendMessage "HTTP/1.1 200 OK"
2025-05-04 22:06:25,013 - httpx - INFO - HTTP Request: POST https://api.telegram.org/bot7502883297:AAHmz6Yo68tTWspMlfclb5x8lDPLvZ0ODS8/getUpdates "HTTP/1.1 200 OK"
2025-05-04 22:06:25,136 - httpx - INFO - HTTP Request: POST https://api.telegram.org/bot7502883297:AAHmz6Yo68tTWspMlfclb5x8lDPLvZ0ODS8/sendMessage "HTTP/1.1 200 OK"
2025-05-04 22:06:29,969 - httpx - INFO - HTTP Request: POST https://api.telegram.org/bot7502883297:AAHmz6Yo68tTWspMlfclb5x8lDPLvZ0ODS8/getUpdates "HTTP/1.1 200 OK"
2025-05-04 22:06:30,105 - httpx - INFO - HTTP Request: POST https://api.telegram.org/bot7502883297:AAHmz6Yo68tTWspMlfclb5x8lDPLvZ0ODS8/sendMessage "HTTP/1.1 200 OK"
2025-05-04 22:06:31,075 - httpx - INFO - HTTP Request: POST https://api.telegram.org/bot7502883297:AAHmz6Yo68tTWspMlfclb5x8lDPLvZ0ODS8/getUpdates "HTTP/1.1 200 OK"
2025-05-04 22:06:31,219 - httpx - INFO - HTTP Request: POST https://api.telegram.org/bot7502883297:AAHmz6Yo68tTWspMlfclb5x8lDPLvZ0ODS8/sendMessage "HTTP/1.1 200 OK"
2025-05-04 22:06:32,489 - httpx - INFO - HTTP Request: POST https://api.telegram.org/bot7502883297:AAHmz6Yo68tTWspMlfclb5x8lDPLvZ0ODS8/getUpdates "HTTP/1.1 200 OK"
2025-05-04 22:06:32,651 - httpx - INFO - HTTP Request: POST https://api.telegram.org/bot7502883297:AAHmz6Yo68tTWspMlfclb5x8lDPLvZ0ODS8/sendMessage "HTTP/1.1 200 OK"
2025-05-04 22:06:33,512 - httpx - INFO - HTTP Request: POST https://api.telegram.org/bot7502883297:AAHmz6Yo68tTWspMlfclb5x8lDPLvZ0ODS8/getUpdates "HTTP/1.1 200 OK"
2025-05-04 22:06:33,699 - httpx - INFO - HTTP Request: POST https://api.telegram.org/bot7502883297:AAHmz6Yo68tTWspMlfclb5x8lDPLvZ0ODS8/sendMessage "HTTP/1.1 200 OK"
2025-05-04 22:06:42,628 - httpx - INFO - HTTP Request: POST https://api.telegram.org/bot7502883297:AAHmz6Yo68tTWspMlfclb5x8lDPLvZ0ODS8/getUpdates "HTTP/1.1 200 OK"
2025-05-04 22:06:42,647 - handlers - ERROR - Ошибка сохранения задачи: FOREIGN KEY constraint failed
2025-05-04 22:06:42,912 - httpx - INFO - HTTP Request: POST https://api.telegram.org/bot7502883297:AAHmz6Yo68tTWspMlfclb5x8lDPLvZ0ODS8/sendMessage "HTTP/1.1 200 OK"
2025-05-04 22:06:47,205 - httpx - INFO - HTTP Request: POST https://api.telegram.org/bot7502883297:AAHmz6Yo68tTWspMlfclb5x8lDPLvZ0ODS8/getUpdates "HTTP/1.1 200 OK"
2025-05-04 22:06:47,222 - handlers - ERROR - Ошибка сохранения задачи: FOREIGN KEY constraint failed
2025-05-04 22:06:47,498 - httpx - INFO - HTTP Request: POST https://api.telegram.org/bot7502883297:AAHmz6Yo68tTWspMlfclb5x8lDPLvZ0ODS8/sendMessage "HTTP/1.1 200 OK"
2025-05-04 22:06:54,709 - httpx - INFO - HTTP Request: POST https://api.telegram.org/bot7502883297:AAHmz6Yo68tTWspMlfclb5x8lDPLvZ0ODS8/getUpdates "HTTP/1.1 200 OK"
2025-05-04 22:06:58,982 - httpx - INFO - HTTP Request: POST https://api.telegram.org/bot7502883297:AAHmz6Yo68tTWspMlfclb5x8lDPLvZ0ODS8/getUpdates "HTTP/1.1 200 OK"
2025-05-04 22:06:59,355 - httpx - INFO - HTTP Request: POST https://api.telegram.org/bot7502883297:AAHmz6Yo68tTWspMlfclb5x8lDPLvZ0ODS8/sendMessage "HTTP/1.1 200 OK"
2025-05-04 22:07:00,361 - httpx - INFO - HTTP Request: POST https://api.telegram.org/bot7502883297:AAHmz6Yo68tTWspMlfclb5x8lDPLvZ0ODS8/getUpdates "HTTP/1.1 200 OK"
2025-05-04 22:07:00,926 - httpx - INFO - HTTP Request: POST https://api.telegram.org/bot7502883297:AAHmz6Yo68tTWspMlfclb5x8lDPLvZ0ODS8/sendMessage "HTTP/1.1 200 OK"
2025-05-04 22:07:03,079 - httpx - INFO - HTTP Request: POST https://api.telegram.org/bot7502883297:AAHmz6Yo68tTWspMlfclb5x8lDPLvZ0ODS8/getUpdates "HTTP/1.1 200 OK"
2025-05-04 22:07:03,197 - httpx - INFO - HTTP Request: POST https://api.telegram.org/bot7502883297:AAHmz6Yo68tTWspMlfclb5x8lDPLvZ0ODS8/sendMessage "HTTP/1.1 200 OK"
2025-05-04 22:07:13,191 - httpx - INFO - HTTP Request: POST https://api.telegram.org/bot7502883297:AAHmz6Yo68tTWspMlfclb5x8lDPLvZ0ODS8/getUpdates "HTTP/1.1 200 OK"
2025-05-04 22:07:23,308 - httpx - INFO - HTTP Request: POST https://api.telegram.org/bot7502883297:AAHmz6Yo68tTWspMlfclb5x8lDPLvZ0ODS8/getUpdates "HTTP/1.1 200 OK"
2025-05-04 22:07:33,394 - httpx - INFO - HTTP Request: POST https://api.telegram.org/bot7502883297:AAHmz6Yo68tTWspMlfclb5x8lDPLvZ0ODS8/getUpdates "HTTP/1.1 200 OK"
2025-05-04 22:07:43,534 - httpx - INFO - HTTP Request: POST https://api.telegram.org/bot7502883297:AAHmz6Yo68tTWspMlfclb5x8lDPLvZ0ODS8/getUpdates "HTTP/1.1 200 OK"
2025-05-04 22:23:42,225 - httpx - INFO - HTTP Request: POST https://api.telegram.org/bot7502883297:AAHmz6Yo68tTWspMlfclb5x8lDPLvZ0ODS8/getUpdates "HTTP/1.1 200 OK"
2025-05-04 22:23:42,617 - handlers - ERROR - Global error: httpx.ReadError: 
NoneType: None
2025-05-04 22:23:42,617 - handlers - WARNING - Network issues
2025-05-04 22:23:43,929 - httpx - INFO - HTTP Request: POST https://api.telegram.org/bot7502883297:AAHmz6Yo68tTWspMlfclb5x8lDPLvZ0ODS8/getUpdates "HTTP/1.1 200 OK"
2025-05-04 22:23:44,391 - httpx - INFO - HTTP Request: POST https://api.telegram.org/bot7502883297:AAHmz6Yo68tTWspMlfclb5x8lDPLvZ0ODS8/sendMessage "HTTP/1.1 200 OK"
2025-05-04 22:23:44,692 - httpx - INFO - HTTP Request: POST https://api.telegram.org/bot7502883297:AAHmz6Yo68tTWspMlfclb5x8lDPLvZ0ODS8/sendMessage "HTTP/1.1 200 OK"
2025-05-04 22:23:54,171 - httpx - INFO - HTTP Request: POST https://api.telegram.org/bot7502883297:AAHmz6Yo68tTWspMlfclb5x8lDPLvZ0ODS8/getUpdates "HTTP/1.1 200 OK"
2025-05-04 22:24:04,254 - httpx - INFO - HTTP Request: POST https://api.telegram.org/bot7502883297:AAHmz6Yo68tTWspMlfclb5x8lDPLvZ0ODS8/getUpdates "HTTP/1.1 200 OK"
2025-05-04 22:24:07,682 - httpx - INFO - HTTP Request: POST https://api.telegram.org/bot7502883297:AAHmz6Yo68tTWspMlfclb5x8lDPLvZ0ODS8/getUpdates "HTTP/1.1 200 OK"
2025-05-04 22:24:07,683 - telegram.ext.Application - INFO - Application is stopping. This might take a moment.
2025-05-04 22:24:07,684 - apscheduler.scheduler - INFO - Scheduler has been shut down
2025-05-04 22:24:07,685 - telegram.ext.Application - INFO - Application.stop() complete
2025-05-04 22:24:07,686 - __main__ - INFO - Бот выключается
2025-05-05 08:15:12,907 - __main__ - INFO - Бот запущен
2025-05-05 08:15:13,687 - httpx - INFO - HTTP Request: POST https://api.telegram.org/bot7502883297:AAHmz6Yo68tTWspMlfclb5x8lDPLvZ0ODS8/getMe "HTTP/1.1 200 OK"
2025-05-05 08:15:13,765 - httpx - INFO - HTTP Request: POST https://api.telegram.org/bot7502883297:AAHmz6Yo68tTWspMlfclb5x8lDPLvZ0ODS8/setMyCommands "HTTP/1.1 200 OK"
2025-05-05 08:15:13,767 - __main__ - INFO - Бот инициализирован
2025-05-05 08:15:13,855 - httpx - INFO - HTTP Request: POST https://api.telegram.org/bot7502883297:AAHmz6Yo68tTWspMlfclb5x8lDPLvZ0ODS8/deleteWebhook "HTTP/1.1 200 OK"
2025-05-05 08:15:13,859 - apscheduler.scheduler - INFO - Scheduler started
2025-05-05 08:15:13,860 - telegram.ext.Application - INFO - Application started
2025-05-05 08:15:24,223 - httpx - INFO - HTTP Request: POST https://api.telegram.org/bot7502883297:AAHmz6Yo68tTWspMlfclb5x8lDPLvZ0ODS8/getUpdates "HTTP/1.1 200 OK"
2025-05-05 08:15:34,360 - httpx - INFO - HTTP Request: POST https://api.telegram.org/bot7502883297:AAHmz6Yo68tTWspMlfclb5x8lDPLvZ0ODS8/getUpdates "HTTP/1.1 200 OK"
2025-05-05 08:15:44,430 - httpx - INFO - HTTP Request: POST https://api.telegram.org/bot7502883297:AAHmz6Yo68tTWspMlfclb5x8lDPLvZ0ODS8/getUpdates "HTTP/1.1 200 OK"
2025-05-05 08:15:54,533 - httpx - INFO - HTTP Request: POST https://api.telegram.org/bot7502883297:AAHmz6Yo68tTWspMlfclb5x8lDPLvZ0ODS8/getUpdates "HTTP/1.1 200 OK"
2025-05-05 08:16:04,672 - httpx - INFO - HTTP Request: POST https://api.telegram.org/bot7502883297:AAHmz6Yo68tTWspMlfclb5x8lDPLvZ0ODS8/getUpdates "HTTP/1.1 200 OK"
2025-05-05 08:16:14,808 - httpx - INFO - HTTP Request: POST https://api.telegram.org/bot7502883297:AAHmz6Yo68tTWspMlfclb5x8lDPLvZ0ODS8/getUpdates "HTTP/1.1 200 OK"
2025-05-05 08:16:24,946 - httpx - INFO - HTTP Request: POST https://api.telegram.org/bot7502883297:AAHmz6Yo68tTWspMlfclb5x8lDPLvZ0ODS8/getUpdates "HTTP/1.1 200 OK"
2025-05-05 08:16:35,084 - httpx - INFO - HTTP Request: POST https://api.telegram.org/bot7502883297:AAHmz6Yo68tTWspMlfclb5x8lDPLvZ0ODS8/getUpdates "HTTP/1.1 200 OK"
2025-05-05 08:16:45,222 - httpx - INFO - HTTP Request: POST https://api.telegram.org/bot7502883297:AAHmz6Yo68tTWspMlfclb5x8lDPLvZ0ODS8/getUpdates "HTTP/1.1 200 OK"
2025-05-05 08:16:55,292 - httpx - INFO - HTTP Request: POST https://api.telegram.org/bot7502883297:AAHmz6Yo68tTWspMlfclb5x8lDPLvZ0ODS8/getUpdates "HTTP/1.1 200 OK"
2025-05-05 08:17:05,363 - httpx - INFO - HTTP Request: POST https://api.telegram.org/bot7502883297:AAHmz6Yo68tTWspMlfclb5x8lDPLvZ0ODS8/getUpdates "HTTP/1.1 200 OK"
2025-05-05 08:17:15,532 - httpx - INFO - HTTP Request: POST https://api.telegram.org/bot7502883297:AAHmz6Yo68tTWspMlfclb5x8lDPLvZ0ODS8/getUpdates "HTTP/1.1 200 OK"
2025-05-05 08:17:25,670 - httpx - INFO - HTTP Request: POST https://api.telegram.org/bot7502883297:AAHmz6Yo68tTWspMlfclb5x8lDPLvZ0ODS8/getUpdates "HTTP/1.1 200 OK"
2025-05-05 08:17:35,808 - httpx - INFO - HTTP Request: POST https://api.telegram.org/bot7502883297:AAHmz6Yo68tTWspMlfclb5x8lDPLvZ0ODS8/getUpdates "HTTP/1.1 200 OK"
2025-05-05 08:17:45,946 - httpx - INFO - HTTP Request: POST https://api.telegram.org/bot7502883297:AAHmz6Yo68tTWspMlfclb5x8lDPLvZ0ODS8/getUpdates "HTTP/1.1 200 OK"
2025-05-05 08:17:56,015 - httpx - INFO - HTTP Request: POST https://api.telegram.org/bot7502883297:AAHmz6Yo68tTWspMlfclb5x8lDPLvZ0ODS8/getUpdates "HTTP/1.1 200 OK"
2025-05-05 08:18:06,119 - httpx - INFO - HTTP Request: POST https://api.telegram.org/bot7502883297:AAHmz6Yo68tTWspMlfclb5x8lDPLvZ0ODS8/getUpdates "HTTP/1.1 200 OK"
2025-05-05 08:18:16,256 - httpx - INFO - HTTP Request: POST https://api.telegram.org/bot7502883297:AAHmz6Yo68tTWspMlfclb5x8lDPLvZ0ODS8/getUpdates "HTTP/1.1 200 OK"
2025-05-05 08:18:26,329 - httpx - INFO - HTTP Request: POST https://api.telegram.org/bot7502883297:AAHmz6Yo68tTWspMlfclb5x8lDPLvZ0ODS8/getUpdates "HTTP/1.1 200 OK"
2025-05-05 08:18:36,429 - httpx - INFO - HTTP Request: POST https://api.telegram.org/bot7502883297:AAHmz6Yo68tTWspMlfclb5x8lDPLvZ0ODS8/getUpdates "HTTP/1.1 200 OK"
2025-05-05 08:18:46,670 - httpx - INFO - HTTP Request: POST https://api.telegram.org/bot7502883297:AAHmz6Yo68tTWspMlfclb5x8lDPLvZ0ODS8/getUpdates "HTTP/1.1 200 OK"
2025-05-05 08:18:56,794 - httpx - INFO - HTTP Request: POST https://api.telegram.org/bot7502883297:AAHmz6Yo68tTWspMlfclb5x8lDPLvZ0ODS8/getUpdates "HTTP/1.1 200 OK"
2025-05-05 08:19:06,863 - httpx - INFO - HTTP Request: POST https://api.telegram.org/bot7502883297:AAHmz6Yo68tTWspMlfclb5x8lDPLvZ0ODS8/getUpdates "HTTP/1.1 200 OK"
2025-05-05 08:19:16,952 - httpx - INFO - HTTP Request: POST https://api.telegram.org/bot7502883297:AAHmz6Yo68tTWspMlfclb5x8lDPLvZ0ODS8/getUpdates "HTTP/1.1 200 OK"
2025-05-05 08:19:27,022 - httpx - INFO - HTTP Request: POST https://api.telegram.org/bot7502883297:AAHmz6Yo68tTWspMlfclb5x8lDPLvZ0ODS8/getUpdates "HTTP/1.1 200 OK"
2025-05-05 08:19:37,095 - httpx - INFO - HTTP Request: POST https://api.telegram.org/bot7502883297:AAHmz6Yo68tTWspMlfclb5x8lDPLvZ0ODS8/getUpdates "HTTP/1.1 200 OK"
2025-05-05 08:19:47,166 - httpx - INFO - HTTP Request: POST https://api.telegram.org/bot7502883297:AAHmz6Yo68tTWspMlfclb5x8lDPLvZ0ODS8/getUpdates "HTTP/1.1 200 OK"
2025-05-05 08:19:57,238 - httpx - INFO - HTTP Request: POST https://api.telegram.org/bot7502883297:AAHmz6Yo68tTWspMlfclb5x8lDPLvZ0ODS8/getUpdates "HTTP/1.1 200 OK"
2025-05-05 08:20:07,309 - httpx - INFO - HTTP Request: POST https://api.telegram.org/bot7502883297:AAHmz6Yo68tTWspMlfclb5x8lDPLvZ0ODS8/getUpdates "HTTP/1.1 200 OK"
2025-05-05 08:20:17,396 - httpx - INFO - HTTP Request: POST https://api.telegram.org/bot7502883297:AAHmz6Yo68tTWspMlfclb5x8lDPLvZ0ODS8/getUpdates "HTTP/1.1 200 OK"
2025-05-05 08:20:27,511 - httpx - INFO - HTTP Request: POST https://api.telegram.org/bot7502883297:AAHmz6Yo68tTWspMlfclb5x8lDPLvZ0ODS8/getUpdates "HTTP/1.1 200 OK"
2025-05-05 08:20:37,588 - httpx - INFO - HTTP Request: POST https://api.telegram.org/bot7502883297:AAHmz6Yo68tTWspMlfclb5x8lDPLvZ0ODS8/getUpdates "HTTP/1.1 200 OK"
2025-05-05 08:20:47,659 - httpx - INFO - HTTP Request: POST https://api.telegram.org/bot7502883297:AAHmz6Yo68tTWspMlfclb5x8lDPLvZ0ODS8/getUpdates "HTTP/1.1 200 OK"
2025-05-05 08:20:57,742 - httpx - INFO - HTTP Request: POST https://api.telegram.org/bot7502883297:AAHmz6Yo68tTWspMlfclb5x8lDPLvZ0ODS8/getUpdates "HTTP/1.1 200 OK"
2025-05-05 08:21:07,828 - httpx - INFO - HTTP Request: POST https://api.telegram.org/bot7502883297:AAHmz6Yo68tTWspMlfclb5x8lDPLvZ0ODS8/getUpdates "HTTP/1.1 200 OK"
2025-05-05 08:21:17,900 - httpx - INFO - HTTP Request: POST https://api.telegram.org/bot7502883297:AAHmz6Yo68tTWspMlfclb5x8lDPLvZ0ODS8/getUpdates "HTTP/1.1 200 OK"
2025-05-05 08:21:27,988 - httpx - INFO - HTTP Request: POST https://api.telegram.org/bot7502883297:AAHmz6Yo68tTWspMlfclb5x8lDPLvZ0ODS8/getUpdates "HTTP/1.1 200 OK"
2025-05-05 08:21:38,060 - httpx - INFO - HTTP Request: POST https://api.telegram.org/bot7502883297:AAHmz6Yo68tTWspMlfclb5x8lDPLvZ0ODS8/getUpdates "HTTP/1.1 200 OK"
2025-05-05 08:21:48,149 - httpx - INFO - HTTP Request: POST https://api.telegram.org/bot7502883297:AAHmz6Yo68tTWspMlfclb5x8lDPLvZ0ODS8/getUpdates "HTTP/1.1 200 OK"
2025-05-05 08:21:58,223 - httpx - INFO - HTTP Request: POST https://api.telegram.org/bot7502883297:AAHmz6Yo68tTWspMlfclb5x8lDPLvZ0ODS8/getUpdates "HTTP/1.1 200 OK"
2025-05-05 08:22:08,299 - httpx - INFO - HTTP Request: POST https://api.telegram.org/bot7502883297:AAHmz6Yo68tTWspMlfclb5x8lDPLvZ0ODS8/getUpdates "HTTP/1.1 200 OK"
2025-05-05 08:22:18,383 - httpx - INFO - HTTP Request: POST https://api.telegram.org/bot7502883297:AAHmz6Yo68tTWspMlfclb5x8lDPLvZ0ODS8/getUpdates "HTTP/1.1 200 OK"
2025-05-05 08:22:28,455 - httpx - INFO - HTTP Request: POST https://api.telegram.org/bot7502883297:AAHmz6Yo68tTWspMlfclb5x8lDPLvZ0ODS8/getUpdates "HTTP/1.1 200 OK"
2025-05-05 08:22:38,525 - httpx - INFO - HTTP Request: POST https://api.telegram.org/bot7502883297:AAHmz6Yo68tTWspMlfclb5x8lDPLvZ0ODS8/getUpdates "HTTP/1.1 200 OK"
2025-05-05 08:22:48,603 - httpx - INFO - HTTP Request: POST https://api.telegram.org/bot7502883297:AAHmz6Yo68tTWspMlfclb5x8lDPLvZ0ODS8/getUpdates "HTTP/1.1 200 OK"
2025-05-05 08:22:58,686 - httpx - INFO - HTTP Request: POST https://api.telegram.org/bot7502883297:AAHmz6Yo68tTWspMlfclb5x8lDPLvZ0ODS8/getUpdates "HTTP/1.1 200 OK"
2025-05-05 08:23:08,779 - httpx - INFO - HTTP Request: POST https://api.telegram.org/bot7502883297:AAHmz6Yo68tTWspMlfclb5x8lDPLvZ0ODS8/getUpdates "HTTP/1.1 200 OK"
2025-05-05 08:23:18,850 - httpx - INFO - HTTP Request: POST https://api.telegram.org/bot7502883297:AAHmz6Yo68tTWspMlfclb5x8lDPLvZ0ODS8/getUpdates "HTTP/1.1 200 OK"
2025-05-05 08:23:28,919 - httpx - INFO - HTTP Request: POST https://api.telegram.org/bot7502883297:AAHmz6Yo68tTWspMlfclb5x8lDPLvZ0ODS8/getUpdates "HTTP/1.1 200 OK"
2025-05-05 08:23:39,000 - httpx - INFO - HTTP Request: POST https://api.telegram.org/bot7502883297:AAHmz6Yo68tTWspMlfclb5x8lDPLvZ0ODS8/getUpdates "HTTP/1.1 200 OK"
2025-05-05 08:23:49,070 - httpx - INFO - HTTP Request: POST https://api.telegram.org/bot7502883297:AAHmz6Yo68tTWspMlfclb5x8lDPLvZ0ODS8/getUpdates "HTTP/1.1 200 OK"
2025-05-05 08:23:59,166 - httpx - INFO - HTTP Request: POST https://api.telegram.org/bot7502883297:AAHmz6Yo68tTWspMlfclb5x8lDPLvZ0ODS8/getUpdates "HTTP/1.1 200 OK"
2025-05-05 08:24:09,247 - httpx - INFO - HTTP Request: POST https://api.telegram.org/bot7502883297:AAHmz6Yo68tTWspMlfclb5x8lDPLvZ0ODS8/getUpdates "HTTP/1.1 200 OK"
2025-05-05 08:24:19,325 - httpx - INFO - HTTP Request: POST https://api.telegram.org/bot7502883297:AAHmz6Yo68tTWspMlfclb5x8lDPLvZ0ODS8/getUpdates "HTTP/1.1 200 OK"
2025-05-05 08:24:29,400 - httpx - INFO - HTTP Request: POST https://api.telegram.org/bot7502883297:AAHmz6Yo68tTWspMlfclb5x8lDPLvZ0ODS8/getUpdates "HTTP/1.1 200 OK"
2025-05-05 08:24:39,482 - httpx - INFO - HTTP Request: POST https://api.telegram.org/bot7502883297:AAHmz6Yo68tTWspMlfclb5x8lDPLvZ0ODS8/getUpdates "HTTP/1.1 200 OK"
2025-05-05 08:24:49,565 - httpx - INFO - HTTP Request: POST https://api.telegram.org/bot7502883297:AAHmz6Yo68tTWspMlfclb5x8lDPLvZ0ODS8/getUpdates "HTTP/1.1 200 OK"
2025-05-05 08:24:59,646 - httpx - INFO - HTTP Request: POST https://api.telegram.org/bot7502883297:AAHmz6Yo68tTWspMlfclb5x8lDPLvZ0ODS8/getUpdates "HTTP/1.1 200 OK"
2025-05-05 08:25:09,731 - httpx - INFO - HTTP Request: POST https://api.telegram.org/bot7502883297:AAHmz6Yo68tTWspMlfclb5x8lDPLvZ0ODS8/getUpdates "HTTP/1.1 200 OK"
2025-05-05 08:25:19,808 - httpx - INFO - HTTP Request: POST https://api.telegram.org/bot7502883297:AAHmz6Yo68tTWspMlfclb5x8lDPLvZ0ODS8/getUpdates "HTTP/1.1 200 OK"
2025-05-05 08:25:29,879 - httpx - INFO - HTTP Request: POST https://api.telegram.org/bot7502883297:AAHmz6Yo68tTWspMlfclb5x8lDPLvZ0ODS8/getUpdates "HTTP/1.1 200 OK"
2025-05-05 08:25:39,957 - httpx - INFO - HTTP Request: POST https://api.telegram.org/bot7502883297:AAHmz6Yo68tTWspMlfclb5x8lDPLvZ0ODS8/getUpdates "HTTP/1.1 200 OK"
2025-05-05 08:25:50,055 - httpx - INFO - HTTP Request: POST https://api.telegram.org/bot7502883297:AAHmz6Yo68tTWspMlfclb5x8lDPLvZ0ODS8/getUpdates "HTTP/1.1 200 OK"
2025-05-05 08:26:00,129 - httpx - INFO - HTTP Request: POST https://api.telegram.org/bot7502883297:AAHmz6Yo68tTWspMlfclb5x8lDPLvZ0ODS8/getUpdates "HTTP/1.1 200 OK"
2025-05-05 08:26:10,217 - httpx - INFO - HTTP Request: POST https://api.telegram.org/bot7502883297:AAHmz6Yo68tTWspMlfclb5x8lDPLvZ0ODS8/getUpdates "HTTP/1.1 200 OK"
2025-05-05 08:26:20,303 - httpx - INFO - HTTP Request: POST https://api.telegram.org/bot7502883297:AAHmz6Yo68tTWspMlfclb5x8lDPLvZ0ODS8/getUpdates "HTTP/1.1 200 OK"
2025-05-05 08:26:30,374 - httpx - INFO - HTTP Request: POST https://api.telegram.org/bot7502883297:AAHmz6Yo68tTWspMlfclb5x8lDPLvZ0ODS8/getUpdates "HTTP/1.1 200 OK"
2025-05-05 08:26:40,476 - httpx - INFO - HTTP Request: POST https://api.telegram.org/bot7502883297:AAHmz6Yo68tTWspMlfclb5x8lDPLvZ0ODS8/getUpdates "HTTP/1.1 200 OK"
2025-05-05 08:26:50,557 - httpx - INFO - HTTP Request: POST https://api.telegram.org/bot7502883297:AAHmz6Yo68tTWspMlfclb5x8lDPLvZ0ODS8/getUpdates "HTTP/1.1 200 OK"
2025-05-05 08:27:00,651 - httpx - INFO - HTTP Request: POST https://api.telegram.org/bot7502883297:AAHmz6Yo68tTWspMlfclb5x8lDPLvZ0ODS8/getUpdates "HTTP/1.1 200 OK"
2025-05-05 08:27:10,720 - httpx - INFO - HTTP Request: POST https://api.telegram.org/bot7502883297:AAHmz6Yo68tTWspMlfclb5x8lDPLvZ0ODS8/getUpdates "HTTP/1.1 200 OK"
2025-05-05 08:27:20,788 - httpx - INFO - HTTP Request: POST https://api.telegram.org/bot7502883297:AAHmz6Yo68tTWspMlfclb5x8lDPLvZ0ODS8/getUpdates "HTTP/1.1 200 OK"
2025-05-05 08:27:30,860 - httpx - INFO - HTTP Request: POST https://api.telegram.org/bot7502883297:AAHmz6Yo68tTWspMlfclb5x8lDPLvZ0ODS8/getUpdates "HTTP/1.1 200 OK"
2025-05-05 08:27:40,933 - httpx - INFO - HTTP Request: POST https://api.telegram.org/bot7502883297:AAHmz6Yo68tTWspMlfclb5x8lDPLvZ0ODS8/getUpdates "HTTP/1.1 200 OK"
2025-05-05 08:27:51,030 - httpx - INFO - HTTP Request: POST https://api.telegram.org/bot7502883297:AAHmz6Yo68tTWspMlfclb5x8lDPLvZ0ODS8/getUpdates "HTTP/1.1 200 OK"
2025-05-05 08:28:01,101 - httpx - INFO - HTTP Request: POST https://api.telegram.org/bot7502883297:AAHmz6Yo68tTWspMlfclb5x8lDPLvZ0ODS8/getUpdates "HTTP/1.1 200 OK"
2025-05-05 08:28:11,173 - httpx - INFO - HTTP Request: POST https://api.telegram.org/bot7502883297:AAHmz6Yo68tTWspMlfclb5x8lDPLvZ0ODS8/getUpdates "HTTP/1.1 200 OK"
2025-05-05 08:28:21,341 - httpx - INFO - HTTP Request: POST https://api.telegram.org/bot7502883297:AAHmz6Yo68tTWspMlfclb5x8lDPLvZ0ODS8/getUpdates "HTTP/1.1 200 OK"
2025-05-05 08:28:31,411 - httpx - INFO - HTTP Request: POST https://api.telegram.org/bot7502883297:AAHmz6Yo68tTWspMlfclb5x8lDPLvZ0ODS8/getUpdates "HTTP/1.1 200 OK"
